#
# A fatal error has been detected by the Java Runtime Environment:
#
#  EXCEPTION_ACCESS_VIOLATION (0xc0000005) at pc=0xffffffff9e948280, pid=6040, tid=6044
#
# JRE version: Java(TM) SE Runtime Environment (10.0.2+13) (build 10.0.2+13)
# Java VM: Java HotSpot(TM) 64-Bit Server VM (10.0.2+13, mixed mode, tiered, compressed oops, g1 gc, windows-amd64)
# Problematic frame:
# C  0xffffffff9e948280
#
# No core dump will be written. Minidumps are not enabled by default on client versions of Windows
#
# If you would like to submit a bug report, please visit:
#   http://bugreport.java.com/bugreport/crash.jsp
#

---------------  S U M M A R Y ------------

Command Line: -Denv.class.path=.; -Dapplication.home=C:\Program Files\Java\jdk-10.0.2 -Xms8m -Djdk.module.main=jdk.jartool jdk.jartool/sun.tools.jar.Main cf program.jar -C ../classes .

Host: Pentium(R) Dual-Core  CPU      E6700  @ 3.20GHz, 2 cores, 3G,  Windows 7 , 64 bit Build 7601 (6.1.7601.24291)
Time: Sun Nov 18 13:35:22 2018 Oeieyiaey (ceia) elapsed time: 0 seconds (0d 0h 0m 0s)

---------------  T H R E A D  ---------------

Current thread (0x0000000000116800):  JavaThread "main" [_thread_in_Java, id=6044, stack(0x0000000002090000,0x0000000002190000)]

Stack: [0x0000000002090000,0x0000000002190000],  sp=0x000000000218e1c8,  free space=1016k
Native frames: (J=compiled Java code, j=interpreted, Vv=VM code, C=native code)
C  0xffffffff9e948280


siginfo: EXCEPTION_ACCESS_VIOLATION (0xc0000005), data execution prevention violation at address 0xffffffff9e948280


Register to memory mapping:

RIP=0xffffffff9e948280 is an unknown value
RAX={method} {0x0000000022219bf8} 'lf_S' '(II)I' in 'sun/security/provider/SHA2'
RBX={method} {0x0000000022219bf8} 'lf_S' '(II)I' in 'sun/security/provider/SHA2'
RCX=0x000000002221a6b0 is pointing into metadata
RDX=0x000000006a2fc10a is an unknown value
RSP=0x000000000218e1c8 is pointing into the stack for thread: 0x0000000000116800
RBP=0x000000000218e230 is pointing into the stack for thread: 0x0000000000116800
RSI=0x0000000000000138 is an unknown value
RDI=0x0000000000000f95 is an unknown value
R8 =0x0000000000000002 is an unknown value
R9 =0x00000000c2548548 is an oop
java.lang.Class 
{0x00000000c2548548} - klass: 'java/lang/Class'
R10=0x0000000055d7c2d0 jvm.dll
R11=0x000000000df3c4c0 is at entry_point+0 in (nmethod*)0x000000000df3c310
R12=0x0000000000000000 is an unknown value
R13=0x000000000218e1d8 is pointing into the stack for thread: 0x0000000000116800
R14=0x000000000218e240 is pointing into the stack for thread: 0x0000000000116800
R15=0x0000000000116800 is a thread


Registers:
RAX=0x0000000022219bf0, RBX=0x0000000022219bf0, RCX=0x000000002221a6b0, RDX=0x000000006a2fc10a
RSP=0x000000000218e1c8, RBP=0x000000000218e230, RSI=0x0000000000000138, RDI=0x0000000000000f95
R8 =0x0000000000000002, R9 =0x00000000c2548548, R10=0x0000000055d7c2d0, R11=0x000000000df3c4c0
R12=0x0000000000000000, R13=0x000000000218e1d8, R14=0x000000000218e240, R15=0x0000000000116800
RIP=0xffffffff9e948280, EFLAGS=0x0000000000010202

Top of Stack: (sp=0x000000000218e1c8)
0x000000000218e1c8:   000000000d949b00 000000000d949b00
0x000000000218e1d8:   0000000000000002 000000006a2fc10a
0x000000000218e1e8:   000000000218e1e8 0000000022219c82
0x000000000218e1f8:   000000000218e240 000000002221a6b0
0x000000000218e208:   0000000000000000 00000000c2548548
0x000000000218e218:   0000000022219ca8 000000000218e1d8
0x000000000218e228:   000000000218e240 000000000218e290
0x000000000218e238:   000000000d949b00 000000006a2fc10a
0x000000000218e248:   000000000218e248 000000002221a1b0
0x000000000218e258:   000000000218e308 000000002221a6b0
0x000000000218e268:   0000000000000000 00000000c2548548
0x000000000218e278:   000000002221a330 000000000218e240
0x000000000218e288:   000000000218e2f8 000000000218e358
0x000000000218e298:   000000000d94a0b7 000000000084ef2e
0x000000000218e2a8:   00000000e30dd865 000000000000000c
0x000000000218e2b8:   00000000061c8d54 000000002080c3c5 

Instructions: (pc=0xffffffff9e948280)
0xffffffff9e948260:   
[error occurred during error reporting (printing registers, top of stack, instructions near pc), id 0xc0000005]


---------------  P R O C E S S  ---------------

Threads class SMR info:
_java_thread_list=0x0000000022647ef0, length=10, elements={
0x0000000000116800, 0x00000000224aa800, 0x00000000224b5000, 0x00000000224ba000,
0x00000000224bb000, 0x00000000224bc000, 0x00000000224c0800, 0x00000000224c7800,
0x000000002264f000, 0x0000000023185000
}

Java Threads: ( => current thread )
=>0x0000000000116800 JavaThread "main" [_thread_in_Java, id=6044, stack(0x0000000002090000,0x0000000002190000)]
  0x00000000224aa800 JavaThread "Reference Handler" daemon [_thread_blocked, id=5872, stack(0x0000000022930000,0x0000000022a30000)]
  0x00000000224b5000 JavaThread "Finalizer" daemon [_thread_blocked, id=3276, stack(0x0000000022a60000,0x0000000022b60000)]
  0x00000000224ba000 JavaThread "Signal Dispatcher" daemon [_thread_blocked, id=1780, stack(0x0000000022c60000,0x0000000022d60000)]
  0x00000000224bb000 JavaThread "Attach Listener" daemon [_thread_blocked, id=5376, stack(0x0000000022b60000,0x0000000022c60000)]
  0x00000000224bc000 JavaThread "C2 CompilerThread0" daemon [_thread_blocked, id=5248, stack(0x0000000022e80000,0x0000000022f80000)]
  0x00000000224c0800 JavaThread "C1 CompilerThread1" daemon [_thread_blocked, id=3660, stack(0x0000000023050000,0x0000000023150000)]
  0x00000000224c7800 JavaThread "Sweeper thread" daemon [_thread_blocked, id=5740, stack(0x0000000022d60000,0x0000000022e60000)]
  0x000000002264f000 JavaThread "Service Thread" daemon [_thread_blocked, id=5480, stack(0x00000000236b0000,0x00000000237b0000)]
  0x0000000023185000 JavaThread "Common-Cleaner" daemon [_thread_blocked, id=4952, stack(0x00000000238a0000,0x00000000239a0000)]

Other Threads:
  0x00000000224a3800 VMThread "VM Thread" [stack: 0x0000000022670000,0x0000000022770000] [id=5324]
  0x0000000023305800 WatcherThread [stack: 0x0000000023a70000,0x0000000023b70000] [id=5852]
  0x000000000012e800 GCTaskThread "GC Thread#0" [stack: 0x000000001cb30000,0x000000001cc30000] [id=5648]
  0x000000000012f800 GCTaskThread "GC Thread#1" [stack: 0x000000001cd60000,0x000000001ce60000] [id=4708]
  0x000000000016e800 ConcurrentGCThread "G1 Main Marker" [stack: 0x000000001f590000,0x000000001f690000] [id=3456]
  0x0000000000174000 ConcurrentGCThread "G1 Conc#0" [stack: 0x000000001f490000,0x000000001f590000] [id=5836]
  0x0000000000184000 ConcurrentGCThread "G1 Refine#0" [stack: 0x0000000021a40000,0x0000000021b40000] [id=6016]
  0x0000000000185000 ConcurrentGCThread "G1 Refine#1" [stack: 0x00000000218c0000,0x00000000219c0000] [id=5800]
  0x0000000000187000 ConcurrentGCThread "G1 Young RemSet Sampling" [stack: 0x0000000021b50000,0x0000000021c50000] [id=5644]

Threads with active compile tasks:

VM state:not at safepoint (normal execution)

VM Mutex/Monitor currently owned by a thread: None

Heap address: 0x00000000c2000000, size: 992 MB, Compressed Oops mode: 32-bit
Narrow klass base: 0x0000000000000000, Narrow klass shift: 0
Compressed class space size: 1073741824 Address: 0x000000007fff0000

Heap:
 garbage-first heap   total 8192K, used 2048K [0x00000000c2000000, 0x0000000100000000)
  region size 1024K, 3 young (3072K), 0 survivors (0K)
 Metaspace       used 6429K, capacity 6507K, committed 6784K, reserved 1056768K
  class space    used 536K, capacity 559K, committed 640K, reserved 1048576K
Heap Regions: E=young(eden), S=young(survivor), O=old, HS=humongous(starts), HC=humongous(continues), CS=collection set, F=free, A=archive, TS=gc time stamp, AC=allocation context, TAMS=top-at-mark-start (previous, next)
|   0|0x00000000c2000000, 0x00000000c2000000, 0x00000000c2100000|  0%| F|  |TS  0|AC  0|TAMS 0x00000000c2000000, 0x00000000c2000000|
|   1|0x00000000c2100000, 0x00000000c2100000, 0x00000000c2200000|  0%| F|  |TS  0|AC  0|TAMS 0x00000000c2100000, 0x00000000c2100000|
|   2|0x00000000c2200000, 0x00000000c2200000, 0x00000000c2300000|  0%| F|  |TS  0|AC  0|TAMS 0x00000000c2200000, 0x00000000c2200000|
|   3|0x00000000c2300000, 0x00000000c2300000, 0x00000000c2400000|  0%| F|  |TS  0|AC  0|TAMS 0x00000000c2300000, 0x00000000c2300000|
|   4|0x00000000c2400000, 0x00000000c2400000, 0x00000000c2500000|  0%| F|  |TS  0|AC  0|TAMS 0x00000000c2400000, 0x00000000c2400000|
|   5|0x00000000c2500000, 0x00000000c254d5a0, 0x00000000c2600000| 30%| E|  |TS  0|AC  0|TAMS 0x00000000c2500000, 0x00000000c2500000|
|   6|0x00000000c2600000, 0x00000000c2700000, 0x00000000c2700000|100%| E|CS|TS  0|AC  0|TAMS 0x00000000c2600000, 0x00000000c2600000|
|   7|0x00000000c2700000, 0x00000000c2800000, 0x00000000c2800000|100%| E|CS|TS  0|AC  0|TAMS 0x00000000c2700000, 0x00000000c2700000|

Card table byte_map: [0x000000001d160000,0x000000001d350000] byte_map_base: 0x000000001cb50000

Marking Bits (Prev, Next): (CMBitMap*) 0x000000000016df30, (CMBitMap*) 0x000000000016df68
 Prev Bits: [0x000000001d540000, 0x000000001e4c0000)
 Next Bits: [0x000000001e4c0000, 0x000000001f440000)

Polling page: 0x0000000000090000

CodeHeap 'non-profiled nmethods': size=120064Kb used=96Kb max_used=96Kb free=119967Kb
 bounds [0x0000000015400000, 0x0000000015670000, 0x000000001c940000]
CodeHeap 'profiled nmethods': size=120000Kb used=436Kb max_used=436Kb free=119563Kb
 bounds [0x000000000ded0000, 0x000000000e140000, 0x0000000015400000]
CodeHeap 'non-nmethods': size=5696Kb used=1029Kb max_used=1040Kb free=4667Kb
 bounds [0x000000000d940000, 0x000000000dbb0000, 0x000000000ded0000]
 total_blobs=732 nmethods=321 adapters=246
 compilation: enabled

Compilation events (10 events):
Event: 0.464 Thread 0x00000000224bc000 nmethod 300 0x0000000015417890 code [0x0000000015417a20, 0x0000000015417a98]
Event: 0.465 Thread 0x00000000224c0800  317       1       java.util.ArrayList::access$000 (5 bytes)
Event: 0.465 Thread 0x00000000224c0800 nmethod 317 0x0000000015417b10 code [0x0000000015417cc0, 0x0000000015417db0]
Event: 0.465 Thread 0x00000000224c0800  318       3       sun.security.provider.SHA2::lf_S (11 bytes)
Event: 0.465 Thread 0x00000000224c0800 nmethod 318 0x000000000df3c310 code [0x000000000df3c4c0, 0x000000000df3c610]
Event: 0.465 Thread 0x00000000224c0800  319       3       sun.security.provider.SHA2::lf_R (4 bytes)
Event: 0.465 Thread 0x00000000224c0800 nmethod 319 0x000000000df3c690 code [0x000000000df3c840, 0x000000000df3c970]
Event: 0.465 Thread 0x00000000224c0800  320       1       sun.security.provider.SHA2::lf_S (11 bytes)
Event: 0.465 Thread 0x00000000224c0800 nmethod 320 0x0000000015417e90 code [0x0000000015418040, 0x0000000015418150]
Event: 0.465 Thread 0x00000000224c0800  321       3       sun.security.provider.SHA2::lf_sigma1 (21 bytes)

GC Heap History (0 events):
No events

Deoptimization events (4 events):
Event: 0.125 Thread 0x0000000000116800 Uncommon trap: reason=unstable_if action=reinterpret pc=0x000000001540335c method=java.lang.String.hashCode()I @ 14 c2
Event: 0.217 Thread 0x0000000000116800 Uncommon trap: reason=unstable_if action=reinterpret pc=0x0000000015408e78 method=java.util.HashMap.putVal(ILjava/lang/Object;Ljava/lang/Object;ZZ)Ljava/lang/Object; @ 181 c2
Event: 0.459 Thread 0x0000000000116800 Uncommon trap: reason=unstable_if action=reinterpret pc=0x00000000154063a8 method=java.lang.String.equals(Ljava/lang/Object;)Z @ 27 c2
Event: 0.460 Thread 0x0000000000116800 Uncommon trap: reason=unstable_if action=reinterpret pc=0x000000001540d288 method=java.lang.String.charAt(I)C @ 4 c2

Classes redefined (0 events):
No events

Internal exceptions (10 events):
Event: 0.189 Thread 0x0000000000116800 Exception <a 'java/lang/NoSuchMethodError'{0x00000000c26823e8}: method resolution failed> (0x00000000c26823e8) thrown at [t:/workspace/open/src/hotspot/share/prims/methodHandles.cpp, line 1226]
Event: 0.189 Thread 0x0000000000116800 Exception <a 'java/lang/NoSuchMethodError'{0x00000000c2685718}: java.lang.invoke.DirectMethodHandle$Holder.invokeStaticInit(Ljava/lang/Object;Ljava/lang/Object;Ljava/lang/Object;)I> (0x00000000c2685718) thrown at [t:/workspace/open/src/hotspot/share/inter
Event: 0.195 Thread 0x0000000000116800 Exception <a 'java/lang/NoSuchMethodError'{0x00000000c2698988}: method resolution failed> (0x00000000c2698988) thrown at [t:/workspace/open/src/hotspot/share/prims/methodHandles.cpp, line 1226]
Event: 0.195 Thread 0x0000000000116800 Exception <a 'java/lang/NoSuchMethodError'{0x00000000c269bfa0}: java.lang.Object.lambda$comparing$ea9a8b3a$1(Ljava/util/Comparator;Ljava/util/function/Function;Ljava/lang/Object;Ljava/lang/Object;)I> (0x00000000c269bfa0) thrown at [t:/workspace/open/src/h
Event: 0.195 Thread 0x0000000000116800 Exception <a 'java/lang/NoSuchMethodError'{0x00000000c269d4e0}: java.lang.invoke.DirectMethodHandle$Holder.invokeSpecial(Ljava/lang/Object;Ljava/lang/Object;Ljava/lang/Object;Ljava/lang/Object;Ljava/lang/Object;Ljava/lang/Object;Ljava/lang/Object;Ljava/la
Event: 0.196 Thread 0x0000000000116800 Exception <a 'java/lang/NoSuchMethodError'{0x00000000c26a1938}: java.lang.invoke.Invokers$Holder.invoke_MT(Ljava/lang/Object;Ljava/lang/Object;Ljava/lang/Object;Ljava/lang/Object;Ljava/lang/Object;Ljava/lang/Object;Ljava/lang/Object;Ljava/lang/Object;Ljav
Event: 0.220 Thread 0x0000000000116800 Exception <a 'java/lang/NoSuchMethodError'{0x00000000c26f0740}: method resolution failed> (0x00000000c26f0740) thrown at [t:/workspace/open/src/hotspot/share/prims/methodHandles.cpp, line 1226]
Event: 0.221 Thread 0x0000000000116800 Exception <a 'java/lang/NoSuchMethodError'{0x00000000c26f3a88}: java.lang.invoke.DirectMethodHandle$Holder.invokeStaticInit(Ljava/lang/Object;IIII)Ljava/lang/Object;> (0x00000000c26f3a88) thrown at [t:/workspace/open/src/hotspot/share/interpreter/linkReso
Event: 0.462 Thread 0x0000000000116800 Exception <a 'java/lang/NoSuchMethodError'{0x00000000c253fa20}: method resolution failed> (0x00000000c253fa20) thrown at [t:/workspace/open/src/hotspot/share/prims/methodHandles.cpp, line 1226]
Event: 0.463 Thread 0x0000000000116800 Exception <a 'java/lang/NoSuchMethodError'{0x00000000c2542d70}: java.lang.invoke.DirectMethodHandle$Holder.invokeStaticInit(Ljava/lang/Object;Ljava/lang/Object;IIII)Ljava/lang/Object;> (0x00000000c2542d70) thrown at [t:/workspace/open/src/hotspot/share/in

Events (10 events):
Event: 0.460 Thread 0x0000000000116800 DEOPT UNPACKING pc=0x000000000d9663a1 sp=0x000000000218c410 mode 2
Event: 0.460 Thread 0x0000000000116800 Uncommon trap: trap_request=0xffffff55 fr.pc=0x000000001540d288 relative=0x0000000000000068
Event: 0.460 Thread 0x0000000000116800 DEOPT PACKING pc=0x000000001540d288 sp=0x000000000218c2e0
Event: 0.460 Thread 0x0000000000116800 DEOPT UNPACKING pc=0x000000000d9663a1 sp=0x000000000218c280 mode 2
Event: 0.464 loading class sun/security/provider/AbstractDrbg$NonceProvider
Event: 0.464 loading class sun/security/provider/AbstractDrbg$NonceProvider done
Event: 0.464 loading class sun/security/provider/SHA2$SHA256
Event: 0.464 loading class sun/security/provider/SHA2
Event: 0.465 loading class sun/security/provider/SHA2 done
Event: 0.465 loading class sun/security/provider/SHA2$SHA256 done


Dynamic libraries:
0x000000013fe30000 - 0x000000013fe37000 	C:\Program Files\Java\jdk-10.0.2\bin\jar.exe
0x0000000077640000 - 0x00000000777df000 	C:\Windows\SYSTEM32\ntdll.dll
0x0000000077420000 - 0x000000007753f000 	C:\Windows\system32\kernel32.dll
0x000007fefd1b0000 - 0x000007fefd21a000 	C:\Windows\system32\KERNELBASE.dll
0x000007fef27b0000 - 0x000007fef27e5000 	C:\Program Files\Java\jdk-10.0.2\bin\jli.dll
0x000007feff2a0000 - 0x000007feff37b000 	C:\Windows\system32\ADVAPI32.dll
0x000007fefdc20000 - 0x000007fefdcbf000 	C:\Windows\system32\msvcrt.dll
0x000007fefe410000 - 0x000007fefe42f000 	C:\Windows\SYSTEM32\sechost.dll
0x000007fefd780000 - 0x000007fefd8ad000 	C:\Windows\system32\RPCRT4.dll
0x000007fefbbc0000 - 0x000007fefbdb4000 	C:\Windows\WinSxS\amd64_microsoft.windows.common-controls_6595b64144ccf1df_6.0.7601.18837_none_fa3b1e3d17594757\COMCTL32.dll
0x000007fefdf10000 - 0x000007fefdf77000 	C:\Windows\system32\GDI32.dll
0x0000000077540000 - 0x000000007763a000 	C:\Windows\system32\USER32.dll
0x000007fefe4d0000 - 0x000007fefe4de000 	C:\Windows\system32\LPK.dll
0x000007feff380000 - 0x000007feff44b000 	C:\Windows\system32\USP10.dll
0x000007fefe190000 - 0x000007fefe201000 	C:\Windows\system32\SHLWAPI.dll
0x000007fefc250000 - 0x000007fefc25c000 	C:\Windows\system32\VERSION.dll
0x000007fef1740000 - 0x000007fef182f000 	C:\Program Files\Java\jdk-10.0.2\bin\MSVCR120.dll
0x000007fefe4e0000 - 0x000007fefe50e000 	C:\Windows\system32\IMM32.DLL
0x000007fefdcc0000 - 0x000007fefddc9000 	C:\Windows\system32\MSCTF.dll
0x000007fef1db0000 - 0x000007fef1e56000 	C:\Program Files\Java\jdk-10.0.2\bin\msvcp120.dll
0x00000000553c0000 - 0x0000000055e30000 	C:\Program Files\Java\jdk-10.0.2\bin\server\jvm.dll
0x000007feef5c0000 - 0x000007feef5c9000 	C:\Windows\system32\WSOCK32.dll
0x000007fefd550000 - 0x000007fefd59d000 	C:\Windows\system32\WS2_32.dll
0x000007feff900000 - 0x000007feff908000 	C:\Windows\system32\NSI.dll
0x000007fefa2c0000 - 0x000007fefa2fb000 	C:\Windows\system32\WINMM.dll
0x00000000777f0000 - 0x00000000777f7000 	C:\Windows\system32\PSAPI.DLL
0x000007fefbb90000 - 0x000007fefbb9f000 	C:\Program Files\Java\jdk-10.0.2\bin\verify.dll
0x000007fef1b50000 - 0x000007fef1c75000 	C:\Windows\system32\DBGHELP.DLL
0x000007fef4a00000 - 0x000007fef4a27000 	C:\Program Files\Java\jdk-10.0.2\bin\java.dll
0x000007fef49e0000 - 0x000007fef49f6000 	C:\Program Files\Java\jdk-10.0.2\bin\zip.dll
0x000007fefbba0000 - 0x000007fefbbaa000 	C:\Program Files\Java\jdk-10.0.2\bin\jimage.dll
0x000007fefe510000 - 0x000007feff29a000 	C:\Windows\system32\SHELL32.dll
0x000007fefe210000 - 0x000007fefe40f000 	C:\Windows\system32\ole32.dll
0x000007fefd1a0000 - 0x000007fefd1af000 	C:\Windows\system32\profapi.dll
0x000007fefc980000 - 0x000007fefc998000 	C:\Windows\system32\CRYPTSP.dll
0x000007fefc680000 - 0x000007fefc6c7000 	C:\Windows\system32\rsaenh.dll
0x000007fefd240000 - 0x000007fefd25e000 	C:\Windows\system32\USERENV.dll
0x000007fefd030000 - 0x000007fefd03f000 	C:\Windows\system32\CRYPTBASE.dll
0x000007fef4dc0000 - 0x000007fef4dda000 	C:\Program Files\Java\jdk-10.0.2\bin\net.dll
0x000007fef70e0000 - 0x000007fef7151000 	C:\Windows\system32\WINHTTP.dll
0x000007fef6ec0000 - 0x000007fef6f25000 	C:\Windows\system32\webio.dll
0x000007fefc920000 - 0x000007fefc975000 	C:\Windows\system32\mswsock.dll
0x000007fefc910000 - 0x000007fefc917000 	C:\Windows\System32\wship6.dll
0x000007fefa8c0000 - 0x000007fefa8e7000 	C:\Windows\system32\IPHLPAPI.DLL
0x000007fefa8b0000 - 0x000007fefa8bb000 	C:\Windows\system32\WINNSI.DLL
0x000007fefa1c0000 - 0x000007fefa1d8000 	C:\Windows\system32\dhcpcsvc.DLL
0x000007fefa110000 - 0x000007fefa121000 	C:\Windows\system32\dhcpcsvc6.DLL
0x000007fef3c70000 - 0x000007fef3c81000 	C:\Program Files\Java\jdk-10.0.2\bin\nio.dll

dbghelp: loaded successfully - version: 4.0.5 - missing functions: none
symbol engine: initialized successfully - sym options: 0x614 - pdb path: .;C:\Program Files\Java\jdk-10.0.2\bin;C:\Windows\SYSTEM32;C:\Windows\WinSxS\amd64_microsoft.windows.common-controls_6595b64144ccf1df_6.0.7601.18837_none_fa3b1e3d17594757;C:\Program Files\Java\jdk-10.0.2\bin\server

VM Arguments:
jvm_args: -Denv.class.path=.; -Dapplication.home=C:\Program Files\Java\jdk-10.0.2 -Xms8m -Djdk.module.main=jdk.jartool 
java_command: jdk.jartool/sun.tools.jar.Main cf program.jar -C ../classes .
java_class_path (initial): <not set>
Launcher Type: SUN_STANDARD

Logging:
Log output configuration:
#0: stdout all=warning uptime,level,tags
#1: stderr all=off uptime,level,tags

Environment Variables:
CLASSPATH=.;
PATH=C:\Program Files\Java\jdk-10.0.2\bin;C:\WINDOWS\system32;C:\Users\Сергей\AppData\Roaming\npm
USERNAME=Сергей
OS=Windows_NT
PROCESSOR_IDENTIFIER=Intel64 Family 6 Model 23 Stepping 10, GenuineIntel



---------------  S Y S T E M  ---------------

OS: Windows 7 , 64 bit Build 7601 (6.1.7601.24291)

CPU:total 2 (initial active 2) (2 cores per cpu, 1 threads per core) family 6 model 23 stepping 10, cmov, cx8, fxsr, mmx, sse, sse2, sse3, ssse3, tsc

Memory: 4k page, physical 4060660k(750176k free), swap 8119416k(4495308k free)

vm_info: Java HotSpot(TM) 64-Bit Server VM (10.0.2+13) for windows-amd64 JRE (10.0.2+13), built on Jun 28 2018 01:57:56 by "mach5one" with MS VC++ 12.0 (VS2013)

END.
