#
# A fatal error has been detected by the Java Runtime Environment:
#
#  EXCEPTION_ACCESS_VIOLATION (0xc0000005) at pc=0xffffffff9e818280, pid=3276, tid=3672
#
# JRE version: Java(TM) SE Runtime Environment (10.0.2+13) (build 10.0.2+13)
# Java VM: Java HotSpot(TM) 64-Bit Server VM (10.0.2+13, mixed mode, tiered, compressed oops, g1 gc, windows-amd64)
# Problematic frame:
# C  0xffffffff9e818280
#
# No core dump will be written. Minidumps are not enabled by default on client versions of Windows
#
# If you would like to submit a bug report, please visit:
#   http://bugreport.java.com/bugreport/crash.jsp
#

---------------  S U M M A R Y ------------

Command Line: -Denv.class.path=.; -Dapplication.home=C:\Program Files\Java\jdk-10.0.2 -Xms8m -Djdk.module.main=jdk.jartool jdk.jartool/sun.tools.jar.Main cf program.jar -C ../classes .

Host: Pentium(R) Dual-Core  CPU      E6700  @ 3.20GHz, 2 cores, 3G,  Windows 7 , 64 bit Build 7601 (6.1.7601.24291)
Time: Sun Nov 18 12:23:00 2018 Oeieyiaey (ceia) elapsed time: 0 seconds (0d 0h 0m 0s)

---------------  T H R E A D  ---------------

Current thread (0x0000000000336800):  JavaThread "main" [_thread_in_Java, id=3672, stack(0x0000000001fc0000,0x00000000020c0000)]

Stack: [0x0000000001fc0000,0x00000000020c0000],  sp=0x00000000020be2b8,  free space=1016k
Native frames: (J=compiled Java code, j=interpreted, Vv=VM code, C=native code)
C  0xffffffff9e818280


siginfo: EXCEPTION_ACCESS_VIOLATION (0xc0000005), data execution prevention violation at address 0xffffffff9e818280


Register to memory mapping:

RIP=0xffffffff9e818280 is an unknown value
RAX={method} {0x000000002245d638} 'lf_S' '(II)I' in 'sun/security/provider/SHA2'
RBX={method} {0x000000002245d638} 'lf_S' '(II)I' in 'sun/security/provider/SHA2'
RCX=0x000000002245f268 is pointing into metadata
RDX=
[error occurred during error reporting (printing register info), id 0xc0000005]

Registers:
RAX=0x000000002245d630, RBX=0x000000002245d630, RCX=0x000000002245f268, RDX=0x00000000e9f536ec
RSP=0x00000000020be2b8, RBP=0x00000000020be330, RSI=0x0000000000000138, RDI=0x0000000000000f93
R8 =0x000000000000000b, R9 =0x00000000c2548330, R10=0x000000005d35c2d0, R11=0x000000000de14f40
R12=0x0000000000000000, R13=0x00000000020be2d0, R14=0x00000000020be340, R15=0x0000000000336800
RIP=0xffffffff9e818280, EFLAGS=0x0000000000010206

Top of Stack: (sp=0x00000000020be2b8)
0x00000000020be2b8:   000000000d819b00 00000000020be330
0x00000000020be2c8:   000000000d819b00 000000000000000b
0x00000000020be2d8:   00000000e9f536ec 00000000b3a7d4db
0x00000000020be2e8:   00000000020be2e8 000000002245d781
0x00000000020be2f8:   00000000020be340 000000002245f268
0x00000000020be308:   0000000000000000 00000000c2548330
0x00000000020be318:   000000002245d7a0 00000000020be2d0
0x00000000020be328:   00000000020be340 00000000020be398
0x00000000020be338:   000000000d819b00 00000000e9f536ec
0x00000000020be348:   00000000531f4885 00000000020be350
0x00000000020be358:   000000002245dbd0 00000000020be410
0x00000000020be368:   000000002245f268 0000000000000000
0x00000000020be378:   00000000c2548330 000000002245dd70
0x00000000020be388:   00000000020be340 00000000020be400
0x00000000020be398:   00000000020be460 000000000d81a0b7
0x00000000020be3a8:   00000000652a4ae8 000000001424ef26 

Instructions: (pc=0xffffffff9e818280)
0xffffffff9e818260:   
[error occurred during error reporting (printing registers, top of stack, instructions near pc), id 0xc0000005]


---------------  P R O C E S S  ---------------

Threads class SMR info:
_java_thread_list=0x00000000234d3eb0, length=10, elements={
0x0000000000336800, 0x00000000226ea000, 0x00000000226f8800, 0x0000000022700000,
0x0000000022701000, 0x0000000022702000, 0x0000000022706800, 0x000000002270d800,
0x0000000023546800, 0x0000000023509000
}

Java Threads: ( => current thread )
=>0x0000000000336800 JavaThread "main" [_thread_in_Java, id=3672, stack(0x0000000001fc0000,0x00000000020c0000)]
  0x00000000226ea000 JavaThread "Reference Handler" daemon [_thread_blocked, id=3620, stack(0x0000000022a10000,0x0000000022b10000)]
  0x00000000226f8800 JavaThread "Finalizer" daemon [_thread_blocked, id=3208, stack(0x0000000022c50000,0x0000000022d50000)]
  0x0000000022700000 JavaThread "Signal Dispatcher" daemon [_thread_blocked, id=3456, stack(0x0000000022ec0000,0x0000000022fc0000)]
  0x0000000022701000 JavaThread "Attach Listener" daemon [_thread_blocked, id=4832, stack(0x0000000022b10000,0x0000000022c10000)]
  0x0000000022702000 JavaThread "C2 CompilerThread0" daemon [_thread_blocked, id=4308, stack(0x0000000023040000,0x0000000023140000)]
  0x0000000022706800 JavaThread "C1 CompilerThread1" daemon [_thread_blocked, id=676, stack(0x0000000023240000,0x0000000023340000)]
  0x000000002270d800 JavaThread "Sweeper thread" daemon [_thread_blocked, id=5100, stack(0x0000000023390000,0x0000000023490000)]
  0x0000000023546800 JavaThread "Service Thread" daemon [_thread_blocked, id=1032, stack(0x0000000023900000,0x0000000023a00000)]
  0x0000000023509000 JavaThread "Common-Cleaner" daemon [_thread_blocked, id=4564, stack(0x0000000023ab0000,0x0000000023bb0000)]

Other Threads:
  0x00000000226e2800 VMThread "VM Thread" [stack: 0x0000000022890000,0x0000000022990000] [id=1464]
  0x0000000023600800 WatcherThread [stack: 0x0000000023d00000,0x0000000023e00000] [id=832]
  0x000000000034e800 GCTaskThread "GC Thread#0" [stack: 0x000000001cb70000,0x000000001cc70000] [id=1140]
  0x000000000034f800 GCTaskThread "GC Thread#1" [stack: 0x000000001cda0000,0x000000001cea0000] [id=3664]
  0x000000000038f800 ConcurrentGCThread "G1 Main Marker" [stack: 0x000000001f4f0000,0x000000001f5f0000] [id=4340]
  0x0000000000394800 ConcurrentGCThread "G1 Conc#0" [stack: 0x000000001f6e0000,0x000000001f7e0000] [id=548]
  0x00000000003a4800 ConcurrentGCThread "G1 Refine#0" [stack: 0x0000000021930000,0x0000000021a30000] [id=4900]
  0x00000000003a5800 ConcurrentGCThread "G1 Refine#1" [stack: 0x0000000021ab0000,0x0000000021bb0000] [id=2532]
  0x00000000003a7800 ConcurrentGCThread "G1 Young RemSet Sampling" [stack: 0x0000000021d90000,0x0000000021e90000] [id=4668]

Threads with active compile tasks:

VM state:not at safepoint (normal execution)

VM Mutex/Monitor currently owned by a thread: None

Heap address: 0x00000000c2000000, size: 992 MB, Compressed Oops mode: 32-bit
Narrow klass base: 0x0000000000000000, Narrow klass shift: 0
Compressed class space size: 1073741824 Address: 0x000000007fff0000

Heap:
 garbage-first heap   total 8192K, used 2048K [0x00000000c2000000, 0x0000000100000000)
  region size 1024K, 3 young (3072K), 0 survivors (0K)
 Metaspace       used 6443K, capacity 6571K, committed 6784K, reserved 1056768K
  class space    used 536K, capacity 559K, committed 640K, reserved 1048576K
Heap Regions: E=young(eden), S=young(survivor), O=old, HS=humongous(starts), HC=humongous(continues), CS=collection set, F=free, A=archive, TS=gc time stamp, AC=allocation context, TAMS=top-at-mark-start (previous, next)
|   0|0x00000000c2000000, 0x00000000c2000000, 0x00000000c2100000|  0%| F|  |TS  0|AC  0|TAMS 0x00000000c2000000, 0x00000000c2000000|
|   1|0x00000000c2100000, 0x00000000c2100000, 0x00000000c2200000|  0%| F|  |TS  0|AC  0|TAMS 0x00000000c2100000, 0x00000000c2100000|
|   2|0x00000000c2200000, 0x00000000c2200000, 0x00000000c2300000|  0%| F|  |TS  0|AC  0|TAMS 0x00000000c2200000, 0x00000000c2200000|
|   3|0x00000000c2300000, 0x00000000c2300000, 0x00000000c2400000|  0%| F|  |TS  0|AC  0|TAMS 0x00000000c2300000, 0x00000000c2300000|
|   4|0x00000000c2400000, 0x00000000c2400000, 0x00000000c2500000|  0%| F|  |TS  0|AC  0|TAMS 0x00000000c2400000, 0x00000000c2400000|
|   5|0x00000000c2500000, 0x00000000c254d5c0, 0x00000000c2600000| 30%| E|  |TS  0|AC  0|TAMS 0x00000000c2500000, 0x00000000c2500000|
|   6|0x00000000c2600000, 0x00000000c2700000, 0x00000000c2700000|100%| E|CS|TS  0|AC  0|TAMS 0x00000000c2600000, 0x00000000c2600000|
|   7|0x00000000c2700000, 0x00000000c2800000, 0x00000000c2800000|100%| E|CS|TS  0|AC  0|TAMS 0x00000000c2700000, 0x00000000c2700000|

Card table byte_map: [0x000000001d090000,0x000000001d280000] byte_map_base: 0x000000001ca80000

Marking Bits (Prev, Next): (CMBitMap*) 0x000000000038e850, (CMBitMap*) 0x000000000038e888
 Prev Bits: [0x000000001d470000, 0x000000001e3f0000)
 Next Bits: [0x000000001e3f0000, 0x000000001f370000)

Polling page: 0x0000000000200000

CodeHeap 'non-profiled nmethods': size=120064Kb used=98Kb max_used=98Kb free=119965Kb
 bounds [0x00000000152d0000, 0x0000000015540000, 0x000000001c810000]
CodeHeap 'profiled nmethods': size=120000Kb used=469Kb max_used=469Kb free=119530Kb
 bounds [0x000000000dda0000, 0x000000000e010000, 0x00000000152d0000]
CodeHeap 'non-nmethods': size=5696Kb used=1027Kb max_used=1038Kb free=4668Kb
 bounds [0x000000000d810000, 0x000000000da80000, 0x000000000dda0000]
 total_blobs=750 nmethods=335 adapters=246
 compilation: enabled

Compilation events (10 events):
Event: 0.542 Thread 0x0000000022702000 nmethod 328 0x00000000152e7e90 code [0x00000000152e8020, 0x00000000152e8098]
Event: 0.542 Thread 0x0000000022702000  314       4       java.lang.String::length (11 bytes)
Event: 0.542 Thread 0x0000000022702000 nmethod 314 0x00000000152e8190 code [0x00000000152e8320, 0x00000000152e8398]
Event: 0.542 Thread 0x0000000022706800  332       1       java.util.ArrayList::access$000 (5 bytes)
Event: 0.543 Thread 0x0000000022706800 nmethod 332 0x00000000152e8410 code [0x00000000152e85c0, 0x00000000152e86b0]
Event: 0.543 Thread 0x0000000022706800  333       3       sun.security.provider.SHA2::lf_S (11 bytes)
Event: 0.543 Thread 0x0000000022706800 nmethod 333 0x000000000de14d90 code [0x000000000de14f40, 0x000000000de15090]
Event: 0.543 Thread 0x0000000022706800  335       1       sun.security.provider.SHA2::lf_S (11 bytes)
Event: 0.543 Thread 0x0000000022706800 nmethod 335 0x00000000152e8790 code [0x00000000152e8940, 0x00000000152e8a50]
Event: 0.543 Thread 0x0000000022706800  334       3       sun.security.provider.SHA2::lf_R (4 bytes)

GC Heap History (0 events):
No events

Deoptimization events (4 events):
Event: 0.160 Thread 0x0000000000336800 Uncommon trap: reason=unstable_if action=reinterpret pc=0x00000000152d2c5c method=java.lang.String.hashCode()I @ 14 c2
Event: 0.294 Thread 0x0000000000336800 Uncommon trap: reason=unstable_if action=reinterpret pc=0x00000000152d9520 method=java.util.HashMap.putVal(ILjava/lang/Object;Ljava/lang/Object;ZZ)Ljava/lang/Object; @ 181 c2
Event: 0.537 Thread 0x0000000000336800 Uncommon trap: reason=unstable_if action=reinterpret pc=0x00000000152d6e28 method=java.lang.String.equals(Ljava/lang/Object;)Z @ 27 c2
Event: 0.537 Thread 0x0000000000336800 Uncommon trap: reason=unstable_if action=reinterpret pc=0x00000000152ddf88 method=java.lang.String.charAt(I)C @ 4 c2

Classes redefined (0 events):
No events

Internal exceptions (10 events):
Event: 0.253 Thread 0x0000000000336800 Exception <a 'java/lang/NoSuchMethodError'{0x00000000c2682428}: method resolution failed> (0x00000000c2682428) thrown at [t:/workspace/open/src/hotspot/share/prims/methodHandles.cpp, line 1226]
Event: 0.254 Thread 0x0000000000336800 Exception <a 'java/lang/NoSuchMethodError'{0x00000000c2685758}: java.lang.invoke.DirectMethodHandle$Holder.invokeStaticInit(Ljava/lang/Object;Ljava/lang/Object;Ljava/lang/Object;)I> (0x00000000c2685758) thrown at [t:/workspace/open/src/hotspot/share/inter
Event: 0.262 Thread 0x0000000000336800 Exception <a 'java/lang/NoSuchMethodError'{0x00000000c26989c8}: method resolution failed> (0x00000000c26989c8) thrown at [t:/workspace/open/src/hotspot/share/prims/methodHandles.cpp, line 1226]
Event: 0.263 Thread 0x0000000000336800 Exception <a 'java/lang/NoSuchMethodError'{0x00000000c269bfe0}: java.lang.Object.lambda$comparing$ea9a8b3a$1(Ljava/util/Comparator;Ljava/util/function/Function;Ljava/lang/Object;Ljava/lang/Object;)I> (0x00000000c269bfe0) thrown at [t:/workspace/open/src/h
Event: 0.263 Thread 0x0000000000336800 Exception <a 'java/lang/NoSuchMethodError'{0x00000000c269d520}: java.lang.invoke.DirectMethodHandle$Holder.invokeSpecial(Ljava/lang/Object;Ljava/lang/Object;Ljava/lang/Object;Ljava/lang/Object;Ljava/lang/Object;Ljava/lang/Object;Ljava/lang/Object;Ljava/la
Event: 0.263 Thread 0x0000000000336800 Exception <a 'java/lang/NoSuchMethodError'{0x00000000c26a1978}: java.lang.invoke.Invokers$Holder.invoke_MT(Ljava/lang/Object;Ljava/lang/Object;Ljava/lang/Object;Ljava/lang/Object;Ljava/lang/Object;Ljava/lang/Object;Ljava/lang/Object;Ljava/lang/Object;Ljav
Event: 0.297 Thread 0x0000000000336800 Exception <a 'java/lang/NoSuchMethodError'{0x00000000c26f0780}: method resolution failed> (0x00000000c26f0780) thrown at [t:/workspace/open/src/hotspot/share/prims/methodHandles.cpp, line 1226]
Event: 0.298 Thread 0x0000000000336800 Exception <a 'java/lang/NoSuchMethodError'{0x00000000c26f3ac8}: java.lang.invoke.DirectMethodHandle$Holder.invokeStaticInit(Ljava/lang/Object;IIII)Ljava/lang/Object;> (0x00000000c26f3ac8) thrown at [t:/workspace/open/src/hotspot/share/interpreter/linkReso
Event: 0.540 Thread 0x0000000000336800 Exception <a 'java/lang/NoSuchMethodError'{0x00000000c253f808}: method resolution failed> (0x00000000c253f808) thrown at [t:/workspace/open/src/hotspot/share/prims/methodHandles.cpp, line 1226]
Event: 0.540 Thread 0x0000000000336800 Exception <a 'java/lang/NoSuchMethodError'{0x00000000c2542b58}: java.lang.invoke.DirectMethodHandle$Holder.invokeStaticInit(Ljava/lang/Object;Ljava/lang/Object;IIII)Ljava/lang/Object;> (0x00000000c2542b58) thrown at [t:/workspace/open/src/hotspot/share/in

Events (10 events):
Event: 0.537 Thread 0x0000000000336800 DEOPT UNPACKING pc=0x000000000d8363a1 sp=0x00000000020bc410 mode 2
Event: 0.537 Thread 0x0000000000336800 Uncommon trap: trap_request=0xffffff55 fr.pc=0x00000000152ddf88 relative=0x0000000000000068
Event: 0.537 Thread 0x0000000000336800 DEOPT PACKING pc=0x00000000152ddf88 sp=0x00000000020bc2e0
Event: 0.537 Thread 0x0000000000336800 DEOPT UNPACKING pc=0x000000000d8363a1 sp=0x00000000020bc280 mode 2
Event: 0.542 loading class sun/security/provider/AbstractDrbg$NonceProvider
Event: 0.542 loading class sun/security/provider/AbstractDrbg$NonceProvider done
Event: 0.542 loading class sun/security/provider/SHA2$SHA256
Event: 0.542 loading class sun/security/provider/SHA2
Event: 0.542 loading class sun/security/provider/SHA2 done
Event: 0.542 loading class sun/security/provider/SHA2$SHA256 done


Dynamic libraries:
0x000000013fcf0000 - 0x000000013fcf7000 	C:\Program Files\Java\jdk-10.0.2\bin\jar.exe
0x0000000077640000 - 0x00000000777df000 	C:\Windows\SYSTEM32\ntdll.dll
0x0000000077420000 - 0x000000007753f000 	C:\Windows\system32\kernel32.dll
0x000007fefd1b0000 - 0x000007fefd21a000 	C:\Windows\system32\KERNELBASE.dll
0x000007fef49e0000 - 0x000007fef4a15000 	C:\Program Files\Java\jdk-10.0.2\bin\jli.dll
0x000007feff2a0000 - 0x000007feff37b000 	C:\Windows\system32\ADVAPI32.dll
0x000007fefdc20000 - 0x000007fefdcbf000 	C:\Windows\system32\msvcrt.dll
0x000007fefe410000 - 0x000007fefe42f000 	C:\Windows\SYSTEM32\sechost.dll
0x000007fefd780000 - 0x000007fefd8ad000 	C:\Windows\system32\RPCRT4.dll
0x000007fefbbc0000 - 0x000007fefbdb4000 	C:\Windows\WinSxS\amd64_microsoft.windows.common-controls_6595b64144ccf1df_6.0.7601.18837_none_fa3b1e3d17594757\COMCTL32.dll
0x000007fefdf10000 - 0x000007fefdf77000 	C:\Windows\system32\GDI32.dll
0x0000000077540000 - 0x000000007763a000 	C:\Windows\system32\USER32.dll
0x000007fefe4d0000 - 0x000007fefe4de000 	C:\Windows\system32\LPK.dll
0x000007feff380000 - 0x000007feff44b000 	C:\Windows\system32\USP10.dll
0x000007fefe190000 - 0x000007fefe201000 	C:\Windows\system32\SHLWAPI.dll
0x000007fefc250000 - 0x000007fefc25c000 	C:\Windows\system32\VERSION.dll
0x000007fef2780000 - 0x000007fef286f000 	C:\Program Files\Java\jdk-10.0.2\bin\MSVCR120.dll
0x000007fefe4e0000 - 0x000007fefe50e000 	C:\Windows\system32\IMM32.DLL
0x000007fefdcc0000 - 0x000007fefddc9000 	C:\Windows\system32\MSCTF.dll
0x000007fef1f90000 - 0x000007fef2036000 	C:\Program Files\Java\jdk-10.0.2\bin\msvcp120.dll
0x000000005c9a0000 - 0x000000005d410000 	C:\Program Files\Java\jdk-10.0.2\bin\server\jvm.dll
0x000007feef5c0000 - 0x000007feef5c9000 	C:\Windows\system32\WSOCK32.dll
0x000007fefd550000 - 0x000007fefd59d000 	C:\Windows\system32\WS2_32.dll
0x000007feff900000 - 0x000007feff908000 	C:\Windows\system32\NSI.dll
0x000007fefa2c0000 - 0x000007fefa2fb000 	C:\Windows\system32\WINMM.dll
0x00000000777f0000 - 0x00000000777f7000 	C:\Windows\system32\PSAPI.DLL
0x000007fefbb20000 - 0x000007fefbb2f000 	C:\Program Files\Java\jdk-10.0.2\bin\verify.dll
0x000007fef1b50000 - 0x000007fef1c75000 	C:\Windows\system32\DBGHELP.DLL
0x000007fef4a30000 - 0x000007fef4a57000 	C:\Program Files\Java\jdk-10.0.2\bin\java.dll
0x000007fef4dc0000 - 0x000007fef4dd6000 	C:\Program Files\Java\jdk-10.0.2\bin\zip.dll
0x000007fefb100000 - 0x000007fefb10a000 	C:\Program Files\Java\jdk-10.0.2\bin\jimage.dll
0x000007fefe510000 - 0x000007feff29a000 	C:\Windows\system32\SHELL32.dll
0x000007fefe210000 - 0x000007fefe40f000 	C:\Windows\system32\ole32.dll
0x000007fefd1a0000 - 0x000007fefd1af000 	C:\Windows\system32\profapi.dll
0x000007fefc980000 - 0x000007fefc998000 	C:\Windows\system32\CRYPTSP.dll
0x000007fefc680000 - 0x000007fefc6c7000 	C:\Windows\system32\rsaenh.dll
0x000007fefd240000 - 0x000007fefd25e000 	C:\Windows\system32\USERENV.dll
0x000007fefd030000 - 0x000007fefd03f000 	C:\Windows\system32\CRYPTBASE.dll
0x000007fefaf70000 - 0x000007fefaf8a000 	C:\Program Files\Java\jdk-10.0.2\bin\net.dll
0x000007fef70e0000 - 0x000007fef7151000 	C:\Windows\system32\WINHTTP.dll
0x000007fef6ec0000 - 0x000007fef6f25000 	C:\Windows\system32\webio.dll
0x000007fefc920000 - 0x000007fefc975000 	C:\Windows\system32\mswsock.dll
0x000007fefc910000 - 0x000007fefc917000 	C:\Windows\System32\wship6.dll
0x000007fefa8c0000 - 0x000007fefa8e7000 	C:\Windows\system32\IPHLPAPI.DLL
0x000007fefa8b0000 - 0x000007fefa8bb000 	C:\Windows\system32\WINNSI.DLL
0x000007fefa1c0000 - 0x000007fefa1d8000 	C:\Windows\system32\dhcpcsvc.DLL
0x000007fefa110000 - 0x000007fefa121000 	C:\Windows\system32\dhcpcsvc6.DLL
0x000007fef46d0000 - 0x000007fef46e1000 	C:\Program Files\Java\jdk-10.0.2\bin\nio.dll

dbghelp: loaded successfully - version: 4.0.5 - missing functions: none
symbol engine: initialized successfully - sym options: 0x614 - pdb path: .;C:\Program Files\Java\jdk-10.0.2\bin;C:\Windows\SYSTEM32;C:\Windows\WinSxS\amd64_microsoft.windows.common-controls_6595b64144ccf1df_6.0.7601.18837_none_fa3b1e3d17594757;C:\Program Files\Java\jdk-10.0.2\bin\server

VM Arguments:
jvm_args: -Denv.class.path=.; -Dapplication.home=C:\Program Files\Java\jdk-10.0.2 -Xms8m -Djdk.module.main=jdk.jartool 
java_command: jdk.jartool/sun.tools.jar.Main cf program.jar -C ../classes .
java_class_path (initial): <not set>
Launcher Type: SUN_STANDARD

Logging:
Log output configuration:
#0: stdout all=warning uptime,level,tags
#1: stderr all=off uptime,level,tags

Environment Variables:
CLASSPATH=.;
PATH=C:\Program Files\Java\jdk-10.0.2\bin;C:\WINDOWS\system32;C:\Users\Сергей\AppData\Roaming\npm
USERNAME=Сергей
OS=Windows_NT
PROCESSOR_IDENTIFIER=Intel64 Family 6 Model 23 Stepping 10, GenuineIntel



---------------  S Y S T E M  ---------------

OS: Windows 7 , 64 bit Build 7601 (6.1.7601.24291)

CPU:total 2 (initial active 2) (2 cores per cpu, 1 threads per core) family 6 model 23 stepping 10, cmov, cx8, fxsr, mmx, sse, sse2, sse3, ssse3, tsc

Memory: 4k page, physical 4060660k(983040k free), swap 8119416k(4737912k free)

vm_info: Java HotSpot(TM) 64-Bit Server VM (10.0.2+13) for windows-amd64 JRE (10.0.2+13), built on Jun 28 2018 01:57:56 by "mach5one" with MS VC++ 12.0 (VS2013)

END.
